<?xml version="1.0" encoding="UTF-8"?>
<!-- Generated by org.testng.reporters.JUnitReportReporter -->
<testsuite hostname="DESKTOP-7U1I0JC" failures="0" tests="2" name="Myjavabasecs" time="7.509" errors="0" timestamp="2024-03-25T17:04:46 GST" skipped="0">
  <testcase classname="Myjavabasecs" name="secondtest" time="3.978"/>
  <system-out/>
  <testcase classname="Myjavabasecs" name="MyfirstTest" time="3.531"/>
  <system-out/>
</testsuite> <!-- Myjavabasecs -->
